joints,host=Jays-MBP,id=ns\=2;i\=6,joint=joint1 coord=84.7,Quality="OK (0x0)" 1693578651702386000
joints,host=Jays-MBP,id=ns\=2;i\=8,joint=joint1 error=0i,Quality="OK (0x0)" 1693578651702419000
joints,host=Jays-MBP,id=ns\=2;i\=7,joint=joint1 Quality="OK (0x0)",radian=-0.575 1693578651702437000
joints,host=Jays-MBP,id=ns\=2;i\=9,joint=joint1 servo_speed=0i,Quality="OK (0x0)" 1693578651702452000
joints,host=Jays-MBP,id=ns\=2;i\=11,joint=joint1 Quality="OK (0x0)",servo_temp=40i 1693578651702467000
joints,host=Jays-MBP,id=ns\=2;i\=10,joint=joint1 servo_voltage=7,Quality="OK (0x0)" 1693578651702482000
joints,host=Jays-MBP,id=ns\=2;i\=10,joint=joint1 servo_voltage=7.1,Quality="OK (0x0)" 1693578653619828000
joints,host=Jays-MBP,id=ns\=2;i\=10,joint=joint1 servo_voltage=7,Quality="OK (0x0)" 1693578655738767000
joints,host=Jays-MBP,id=ns\=2;i\=6,joint=joint1 coord=161.9,Quality="OK (0x0)" 1693578657865562000
joints,host=Jays-MBP,id=ns\=2;i\=7,joint=joint1 radian=-0.517,Quality="OK (0x0)" 1693578657865584000
joints,host=Jays-MBP,id=ns\=2;i\=9,joint=joint1 servo_speed=149i,Quality="OK (0x0)" 1693578657865596000
joints,host=Jays-MBP,id=ns\=2;i\=10,joint=joint1 Quality="OK (0x0)",servo_voltage=7.1 1693578657865608000
joints,host=Jays-MBP,id=ns\=2;i\=6,joint=joint1 Quality="OK (0x0)",coord=161.1 1693578660084769000
joints,host=Jays-MBP,id=ns\=2;i\=7,joint=joint1 radian=-0.005,Quality="OK (0x0)" 1693578660084798000
joints,host=Jays-MBP,id=ns\=2;i\=9,joint=joint1 servo_speed=399i,Quality="OK (0x0)" 1693578660084825000
joints,host=Jays-MBP,id=ns\=2;i\=6,joint=joint1 coord=152.3,Quality="OK (0x0)" 1693578662197981000
joints,host=Jays-MBP,id=ns\=2;i\=7,joint=joint1 radian=0.028,Quality="OK (0x0)" 1693578662198012000
joints,host=Jays-MBP,id=ns\=2;i\=9,joint=joint1 servo_speed=0i,Quality="OK (0x0)" 1693578662198029000
joints,host=Jays-MBP,id=ns\=2;i\=10,joint=joint1 servo_voltage=7.2,Quality="OK (0x0)" 1693578662198038000
joints,host=Jays-MBP,id=ns\=2;i\=10,joint=joint1 servo_voltage=7,Quality="OK (0x0)" 1693578664419245000
joints,host=Jays-MBP,id=ns\=2;i\=6,joint=joint1 coord=130.4,Quality="OK (0x0)" 1693578666534518000
joints,host=Jays-MBP,id=ns\=2;i\=6,joint=joint1 coord=179.5,Quality="OK (0x0)" 1693578668748266000
joints,host=Jays-MBP,id=ns\=2;i\=7,joint=joint1 radian=-0.48,Quality="OK (0x0)" 1693578668748298000
joints,host=Jays-MBP,id=ns\=2;i\=9,joint=joint1 Quality="OK (0x0)",servo_speed=250i 1693578668748320000
joints,host=Jays-MBP,id=ns\=2;i\=6,joint=joint1 coord=181.4,Quality="OK (0x0)" 1693578670880043000
joints,host=Jays-MBP,id=ns\=2;i\=7,joint=joint1 radian=-0.498,Quality="OK (0x0)" 1693578670880131000
joints,host=Jays-MBP,id=ns\=2;i\=9,joint=joint1 servo_speed=0i,Quality="OK (0x0)" 1693578670880182000
joints,host=Jays-MBP,id=ns\=2;i\=10,joint=joint1 servo_voltage=7.1,Quality="OK (0x0)" 1693578670880216000
joints,host=Jays-MBP,id=ns\=2;i\=6,joint=joint1 coord=87,Quality="OK (0x0)" 1693578673103694000
joints,host=Jays-MBP,id=ns\=2;i\=7,joint=joint1 radian=-0.575,Quality="OK (0x0)" 1693578673103719000
joints,host=Jays-MBP,id=ns\=2;i\=6,joint=joint1 Quality="OK (0x0)",coord=86.4 1693578675223241000
joints,host=Jays-MBP,id=ns\=2;i\=10,joint=joint1 Quality="OK (0x0)",servo_voltage=7 1693578675223289000
joints,host=Jays-MBP,id=ns\=2;i\=6,joint=joint1 coord=85.6,Quality="OK (0x0)" 1693578677344786000
joints,host=Jays-MBP,id=ns\=2;i\=6,joint=joint1 coord=85.4,Quality="OK (0x0)" 1693578681687535000
joints,host=Jays-MBP,id=ns\=2;i\=10,joint=joint1 Quality="OK (0x0)",servo_voltage=7.1 1693578681687564000
joints,host=Jays-MBP,id=ns\=2;i\=10,joint=joint1 servo_voltage=7,Quality="OK (0x0)" 1693578683807479000
joints,host=Jays-MBP,id=ns\=2;i\=6,joint=joint1 coord=85.1,Quality="OK (0x0)" 1693578688149430000
joints,host=Jays-MBP,id=ns\=2;i\=10,joint=joint1 servo_voltage=7.1,Quality="OK (0x0)" 1693578733195774000
joints,host=Jays-MBP,id=ns\=2;i\=10,joint=joint1 servo_voltage=7,Quality="OK (0x0)" 1693578735318359000
joints,host=Jays-MBP,id=ns\=2;i\=10,joint=joint1 servo_voltage=7.1,Quality="OK (0x0)" 1693578743995517000
joints,host=Jays-MBP,id=ns\=2;i\=10,joint=joint1 servo_voltage=7,Quality="OK (0x0)" 1693578746115018000
joints,host=Jays-MBP,id=ns\=2;i\=10,joint=joint1 servo_voltage=6.9,Quality="OK (0x0)" 1693578763371538000
joints,host=Jays-MBP,id=ns\=2;i\=10,joint=joint1 servo_voltage=7,Quality="OK (0x0)" 1693578765496223000
status,host=Jays-MBP,id=ns\=2;i\=3,robotNum=1 moving=0i,Quality="OK (0x0)" -6795364578871345152
status,host=Jays-MBP,id=ns\=2;i\=2,robotNum=1 speed=75i,Quality="OK (0x0)" -6795364578871345152
joints,host=Jays-MBP,id=ns\=2;i\=5,joint=1,robotNum=1 angle=-32.78,Quality="OK (0x0)" -6795364578871345152
joints,host=Jays-MBP,id=ns\=2;i\=6,joint=1,robotNum=1 coord=85.3,Quality="OK (0x0)" -6795364578871345152
joints,host=Jays-MBP,id=ns\=2;i\=8,joint=1,robotNum=1 Quality="OK (0x0)",error=0i -6795364578871345152
joints,host=Jays-MBP,id=ns\=2;i\=7,joint=1,robotNum=1 radian=-0.572,Quality="OK (0x0)" -6795364578871345152
joints,host=Jays-MBP,id=ns\=2;i\=9,joint=1,robotNum=1 servo_speed=0i,Quality="OK (0x0)" -6795364578871345152
joints,host=Jays-MBP,id=ns\=2;i\=11,joint=1,robotNum=1 servo_temp=41i,Quality="OK (0x0)" -6795364578871345152
joints,host=Jays-MBP,id=ns\=2;i\=10,joint=1,robotNum=1 Quality="OK (0x0)",servo_voltage=7 -6795364578871345152
joints,host=Jays-MBP,id=ns\=2;i\=13,joint=2,robotNum=1 angle=2.9,Quality="OK (0x0)" -6795364578871345152
joints,host=Jays-MBP,id=ns\=2;i\=14,joint=2,robotNum=1 coord=-55.2,Quality="OK (0x0)" -6795364578871345152
joints,host=Jays-MBP,id=ns\=2;i\=16,joint=2,robotNum=1 error=0i,Quality="OK (0x0)" -6795364578871345152
joints,host=Jays-MBP,id=ns\=2;i\=15,joint=2,robotNum=1 radian=0.051,Quality="OK (0x0)" -6795364578871345152
joints,host=Jays-MBP,id=ns\=2;i\=17,joint=2,robotNum=1 servo_speed=0i,Quality="OK (0x0)" -6795364578871345152
joints,host=Jays-MBP,id=ns\=2;i\=19,joint=2,robotNum=1 servo_temp=39i,Quality="OK (0x0)" -6795364578871345152
joints,host=Jays-MBP,id=ns\=2;i\=18,joint=2,robotNum=1 Quality="OK (0x0)",servo_voltage=6.9 -6795364578871345152
joints,host=Jays-MBP,id=ns\=2;i\=21,joint=3,robotNum=1 Quality="OK (0x0)",angle=-10.37 -6795364578871345152
joints,host=Jays-MBP,id=ns\=2;i\=22,joint=3,robotNum=1 coord=179.8,Quality="OK (0x0)" -6795364578871345152
joints,host=Jays-MBP,id=ns\=2;i\=24,joint=3,robotNum=1 error=0i,Quality="OK (0x0)" -6795364578871345152
joints,host=Jays-MBP,id=ns\=2;i\=23,joint=3,robotNum=1 Quality="OK (0x0)",radian=-0.181 -6795364578871345152
joints,host=Jays-MBP,id=ns\=2;i\=27,joint=3,robotNum=1 servo_speed=34i,Quality="OK (0x0)" -6795364578871345152
joints,host=Jays-MBP,id=ns\=2;i\=25,joint=3,robotNum=1 Quality="OK (0x0)",servo_temp=0i -6795364578871345152
joints,host=Jays-MBP,id=ns\=2;i\=26,joint=3,robotNum=1 servo_voltage=7,Quality="OK (0x0)" -6795364578871345152
joints,host=Jays-MBP,id=ns\=2;i\=29,joint=4,robotNum=1 angle=-0.26,Quality="OK (0x0)" -6795364578871345152
joints,host=Jays-MBP,id=ns\=2;i\=30,joint=4,robotNum=1 Quality="OK (0x0)",coord=-177.62 -6795364578871345152
joints,host=Jays-MBP,id=ns\=2;i\=32,joint=4,robotNum=1 error=0i,Quality="OK (0x0)" -6795364578871345152
joints,host=Jays-MBP,id=ns\=2;i\=31,joint=4,robotNum=1 radian=-0.005,Quality="OK (0x0)" -6795364578871345152
joints,host=Jays-MBP,id=ns\=2;i\=33,joint=4,robotNum=1 servo_speed=0i,Quality="OK (0x0)" -6795364578871345152
joints,host=Jays-MBP,id=ns\=2;i\=35,joint=4,robotNum=1 servo_temp=36i,Quality="OK (0x0)" -6795364578871345152
joints,host=Jays-MBP,id=ns\=2;i\=34,joint=4,robotNum=1 servo_voltage=7.3,Quality="OK (0x0)" -6795364578871345152
joints,host=Jays-MBP,id=ns\=2;i\=37,joint=5,robotNum=1 angle=94.74,Quality="OK (0x0)" -6795364578871345152
joints,host=Jays-MBP,id=ns\=2;i\=38,joint=5,robotNum=1 coord=1.36,Quality="OK (0x0)" -6795364578871345152
joints,host=Jays-MBP,id=ns\=2;i\=40,joint=5,robotNum=1 error=0i,Quality="OK (0x0)" -6795364578871345152
joints,host=Jays-MBP,id=ns\=2;i\=39,joint=5,robotNum=1 radian=1.654,Quality="OK (0x0)" -6795364578871345152
joints,host=Jays-MBP,id=ns\=2;i\=41,joint=5,robotNum=1 servo_speed=0i,Quality="OK (0x0)" -6795364578871345152
joints,host=Jays-MBP,id=ns\=2;i\=43,joint=5,robotNum=1 servo_temp=66i,Quality="OK (0x0)" -6795364578871345152
joints,host=Jays-MBP,id=ns\=2;i\=42,joint=5,robotNum=1 Quality="OK (0x0)",servo_voltage=6.8 -6795364578871345152
joints,host=Jays-MBP,id=ns\=2;i\=45,joint=6,robotNum=1 angle=-54.49,Quality="OK (0x0)" -6795364578871345152
joints,host=Jays-MBP,id=ns\=2;i\=46,joint=6,robotNum=1 coord=-158.29,Quality="OK (0x0)" -6795364578871345152
joints,host=Jays-MBP,id=ns\=2;i\=48,joint=6,robotNum=1 error=0i,Quality="OK (0x0)" -6795364578871345152
joints,host=Jays-MBP,id=ns\=2;i\=47,joint=6,robotNum=1 radian=-0.951,Quality="OK (0x0)" -6795364578871345152
joints,host=Jays-MBP,id=ns\=2;i\=49,joint=6,robotNum=1 servo_speed=0i,Quality="OK (0x0)" -6795364578871345152
joints,host=Jays-MBP,id=ns\=2;i\=51,joint=6,robotNum=1 servo_temp=57i,Quality="OK (0x0)" -6795364578871345152
joints,host=Jays-MBP,id=ns\=2;i\=50,joint=6,robotNum=1 servo_voltage=6.1,Quality="OK (0x0)" -6795364578871345152
joints,host=Jays-MBP,id=ns\=2;i\=34,joint=4,robotNum=1 servo_voltage=7.2,Quality="OK (0x0)" -6795364578871345152
joints,host=Jays-MBP,id=ns\=2;i\=50,joint=6,robotNum=1 servo_voltage=7,Quality="OK (0x0)" -6795364578871345152
joints,host=Jays-MBP,id=ns\=2;i\=34,joint=4,robotNum=1 Quality="OK (0x0)",servo_voltage=7.1 -6795364578871345152
joints,host=Jays-MBP,id=ns\=2;i\=50,joint=6,robotNum=1 servo_voltage=6.8,Quality="OK (0x0)" -6795364578871345152
joints,host=Jays-MBP,id=ns\=2;i\=11,joint=1,robotNum=1 servo_temp=42i,Quality="OK (0x0)" -6795364578871345152
joints,host=Jays-MBP,id=ns\=2;i\=18,joint=2,robotNum=1 servo_voltage=7,Quality="OK (0x0)" -6795364578871345152
joints,host=Jays-MBP,id=ns\=2;i\=34,joint=4,robotNum=1 servo_voltage=7.3,Quality="OK (0x0)" -6795364578871345152
joints,host=Jays-MBP,id=ns\=2;i\=42,joint=5,robotNum=1 servo_voltage=6.6,Quality="OK (0x0)" -6795364578871345152
joints,host=Jays-MBP,id=ns\=2;i\=43,joint=5,robotNum=1 Quality="OK (0x0)",servo_temp=67i -6795364578871345152
joints,host=Jays-MBP,id=ns\=2;i\=50,joint=6,robotNum=1 servo_voltage=6.7,Quality="OK (0x0)" -6795364578871345152
joints,host=Jays-MBP,id=ns\=2;i\=11,joint=1,robotNum=1 servo_temp=41i,Quality="OK (0x0)" -6795364578871345152
joints,host=Jays-MBP,id=ns\=2;i\=18,joint=2,robotNum=1 servo_voltage=6.9,Quality="OK (0x0)" -6795364578871345152
joints,host=Jays-MBP,id=ns\=2;i\=42,joint=5,robotNum=1 servo_voltage=6.8,Quality="OK (0x0)" -6795364578871345152
joints,host=Jays-MBP,id=ns\=2;i\=43,joint=5,robotNum=1 servo_temp=66i,Quality="OK (0x0)" -6795364578871345152
joints,host=Jays-MBP,id=ns\=2;i\=50,joint=6,robotNum=1 servo_voltage=6.9,Quality="OK (0x0)" -6795364578871345152
status,host=Jays-MBP,id=ns\=2;i\=2,robotNum=1 speed=60i,Quality="OK (0x0)" -6795364578871345152
status,host=Jays-MBP,id=ns\=2;i\=3,robotNum=1 moving=1i,Quality="OK (0x0)" -6795364578871345152
joints,host=Jays-MBP,id=ns\=2;i\=5,joint=1,robotNum=1 angle=-29.26,Quality="OK (0x0)" -6795364578871345152
joints,host=Jays-MBP,id=ns\=2;i\=6,joint=1,robotNum=1 coord=170,Quality="OK (0x0)" -6795364578871345152
joints,host=Jays-MBP,id=ns\=2;i\=7,joint=1,robotNum=1 radian=-0.511,Quality="OK (0x0)" -6795364578871345152
joints,host=Jays-MBP,id=ns\=2;i\=10,joint=1,robotNum=1 servo_voltage=7.1,Quality="OK (0x0)" -6795364578871345152
joints,host=Jays-MBP,id=ns\=2;i\=13,joint=2,robotNum=1 angle=33.92,Quality="OK (0x0)" -6795364578871345152
joints,host=Jays-MBP,id=ns\=2;i\=14,joint=2,robotNum=1 coord=-95.1,Quality="OK (0x0)" -6795364578871345152
joints,host=Jays-MBP,id=ns\=2;i\=15,joint=2,robotNum=1 radian=0.611,Quality="OK (0x0)" -6795364578871345152
joints,host=Jays-MBP,id=ns\=2;i\=17,joint=2,robotNum=1 servo_speed=300i,Quality="OK (0x0)" -6795364578871345152
joints,host=Jays-MBP,id=ns\=2;i\=18,joint=2,robotNum=1 servo_voltage=7,Quality="OK (0x0)" -6795364578871345152
joints,host=Jays-MBP,id=ns\=2;i\=21,joint=3,robotNum=1 angle=-39.19,Quality="OK (0x0)" -6795364578871345152
joints,host=Jays-MBP,id=ns\=2;i\=22,joint=3,robotNum=1 coord=179.2,Quality="OK (0x0)" -6795364578871345152
joints,host=Jays-MBP,id=ns\=2;i\=23,joint=3,robotNum=1 radian=-0.704,Quality="OK (0x0)" -6795364578871345152
joints,host=Jays-MBP,id=ns\=2;i\=25,joint=3,robotNum=1 servo_temp=299i,Quality="OK (0x0)" -6795364578871345152
joints,host=Jays-MBP,id=ns\=2;i\=29,joint=4,robotNum=1 angle=0.26,Quality="OK (0x0)" -6795364578871345152
joints,host=Jays-MBP,id=ns\=2;i\=30,joint=4,robotNum=1 Quality="OK (0x0)",coord=141.07 -6795364578871345152
joints,host=Jays-MBP,id=ns\=2;i\=31,joint=4,robotNum=1 radian=0.005,Quality="OK (0x0)" -6795364578871345152
joints,host=Jays-MBP,id=ns\=2;i\=37,joint=5,robotNum=1 angle=46.14,Quality="OK (0x0)" -6795364578871345152
joints,host=Jays-MBP,id=ns\=2;i\=38,joint=5,robotNum=1 coord=34.9,Quality="OK (0x0)" -6795364578871345152
joints,host=Jays-MBP,id=ns\=2;i\=39,joint=5,robotNum=1 radian=0.773,Quality="OK (0x0)" -6795364578871345152
joints,host=Jays-MBP,id=ns\=2;i\=41,joint=5,robotNum=1 servo_speed=549i,Quality="OK (0x0)" -6795364578871345152
joints,host=Jays-MBP,id=ns\=2;i\=42,joint=5,robotNum=1 servo_voltage=6.9,Quality="OK (0x0)" -6795364578871345152
joints,host=Jays-MBP,id=ns\=2;i\=43,joint=5,robotNum=1 servo_temp=67i,Quality="OK (0x0)" -6795364578871345152
joints,host=Jays-MBP,id=ns\=2;i\=45,joint=6,robotNum=1 angle=39.46,Quality="OK (0x0)" -6795364578871345152
joints,host=Jays-MBP,id=ns\=2;i\=46,joint=6,robotNum=1 coord=96.29,Quality="OK (0x0)" -6795364578871345152
joints,host=Jays-MBP,id=ns\=2;i\=47,joint=6,robotNum=1 radian=0.749,Quality="OK (0x0)" -6795364578871345152
joints,host=Jays-MBP,id=ns\=2;i\=49,joint=6,robotNum=1 servo_speed=999i,Quality="OK (0x0)" -6795364578871345152
joints,host=Jays-MBP,id=ns\=2;i\=50,joint=6,robotNum=1 servo_voltage=6.6,Quality="OK (0x0)" -6795364578871345152
joints,host=Jays-MBP,id=ns\=2;i\=5,joint=1,robotNum=1 angle=-1.66,Quality="OK (0x0)" -6795364578871345152
joints,host=Jays-MBP,id=ns\=2;i\=6,joint=1,robotNum=1 Quality="OK (0x0)",coord=153.3 -6795364578871345152
joints,host=Jays-MBP,id=ns\=2;i\=7,joint=1,robotNum=1 radian=-0.026,Quality="OK (0x0)" -6795364578871345152
joints,host=Jays-MBP,id=ns\=2;i\=9,joint=1,robotNum=1 servo_speed=150i,Quality="OK (0x0)" -6795364578871345152
joints,host=Jays-MBP,id=ns\=2;i\=11,joint=1,robotNum=1 servo_temp=42i,Quality="OK (0x0)" -6795364578871345152
joints,host=Jays-MBP,id=ns\=2;i\=13,joint=2,robotNum=1 angle=30.23,Quality="OK (0x0)" -6795364578871345152
joints,host=Jays-MBP,id=ns\=2;i\=14,joint=2,robotNum=1 coord=-3.4,Quality="OK (0x0)" -6795364578871345152
joints,host=Jays-MBP,id=ns\=2;i\=15,joint=2,robotNum=1 radian=0.528,Quality="OK (0x0)" -6795364578871345152
joints,host=Jays-MBP,id=ns\=2;i\=17,joint=2,robotNum=1 servo_speed=0i,Quality="OK (0x0)" -6795364578871345152
joints,host=Jays-MBP,id=ns\=2;i\=21,joint=3,robotNum=1 angle=-26.63,Quality="OK (0x0)" -6795364578871345152
joints,host=Jays-MBP,id=ns\=2;i\=22,joint=3,robotNum=1 coord=147.6,Quality="OK (0x0)" -6795364578871345152
joints,host=Jays-MBP,id=ns\=2;i\=23,joint=3,robotNum=1 Quality="OK (0x0)",radian=-0.454 -6795364578871345152
joints,host=Jays-MBP,id=ns\=2;i\=25,joint=3,robotNum=1 servo_temp=100i,Quality="OK (0x0)" -6795364578871345152
joints,host=Jays-MBP,id=ns\=2;i\=26,joint=3,robotNum=1 servo_voltage=7.1,Quality="OK (0x0)" -6795364578871345152
joints,host=Jays-MBP,id=ns\=2;i\=29,joint=4,robotNum=1 angle=0.35,Quality="OK (0x0)" -6795364578871345152
joints,host=Jays-MBP,id=ns\=2;i\=30,joint=4,robotNum=1 coord=-174.77,Quality="OK (0x0)" -6795364578871345152
joints,host=Jays-MBP,id=ns\=2;i\=31,joint=4,robotNum=1 radian=0.009,Quality="OK (0x0)" -6795364578871345152
joints,host=Jays-MBP,id=ns\=2;i\=34,joint=4,robotNum=1 servo_voltage=7.4,Quality="OK (0x0)" -6795364578871345152
joints,host=Jays-MBP,id=ns\=2;i\=37,joint=5,robotNum=1 angle=78.57,Quality="OK (0x0)" -6795364578871345152
joints,host=Jays-MBP,id=ns\=2;i\=38,joint=5,robotNum=1 coord=4.19,Quality="OK (0x0)" -6795364578871345152
joints,host=Jays-MBP,id=ns\=2;i\=39,joint=5,robotNum=1 radian=1.393,Quality="OK (0x0)" -6795364578871345152
joints,host=Jays-MBP,id=ns\=2;i\=41,joint=5,robotNum=1 servo_speed=350i,Quality="OK (0x0)" -6795364578871345152
joints,host=Jays-MBP,id=ns\=2;i\=42,joint=5,robotNum=1 servo_voltage=7,Quality="OK (0x0)" -6795364578871345152
joints,host=Jays-MBP,id=ns\=2;i\=43,joint=5,robotNum=1 servo_temp=66i,Quality="OK (0x0)" -6795364578871345152
joints,host=Jays-MBP,id=ns\=2;i\=45,joint=6,robotNum=1 angle=-54.14,Quality="OK (0x0)" -6795364578871345152
joints,host=Jays-MBP,id=ns\=2;i\=46,joint=6,robotNum=1 coord=-125.73,Quality="OK (0x0)" -6795364578871345152
joints,host=Jays-MBP,id=ns\=2;i\=47,joint=6,robotNum=1 Quality="OK (0x0)",radian=-0.977 -6795364578871345152
joints,host=Jays-MBP,id=ns\=2;i\=49,joint=6,robotNum=1 servo_speed=0i,Quality="OK (0x0)" -6795364578871345152
joints,host=Jays-MBP,id=ns\=2;i\=50,joint=6,robotNum=1 servo_voltage=7.1,Quality="OK (0x0)" -6795364578871345152
status,host=Jays-MBP,id=ns\=2;i\=3,robotNum=1 moving=0i,Quality="OK (0x0)" -6795364578871345152
joints,host=Jays-MBP,id=ns\=2;i\=5,joint=1,robotNum=1 Quality="OK (0x0)",angle=-1.75 -6795364578871345152
joints,host=Jays-MBP,id=ns\=2;i\=6,joint=1,robotNum=1 coord=147.1,Quality="OK (0x0)" -6795364578871345152
joints,host=Jays-MBP,id=ns\=2;i\=7,joint=1,robotNum=1 Quality="OK (0x0)",radian=-0.031 -6795364578871345152
joints,host=Jays-MBP,id=ns\=2;i\=9,joint=1,robotNum=1 servo_speed=0i,Quality="OK (0x0)" -6795364578871345152
joints,host=Jays-MBP,id=ns\=2;i\=10,joint=1,robotNum=1 servo_voltage=7.2,Quality="OK (0x0)" -6795364578871345152
joints,host=Jays-MBP,id=ns\=2;i\=13,joint=2,robotNum=1 angle=33.22,Quality="OK (0x0)" -6795364578871345152
joints,host=Jays-MBP,id=ns\=2;i\=14,joint=2,robotNum=1 coord=-4.7,Quality="OK (0x0)" -6795364578871345152
joints,host=Jays-MBP,id=ns\=2;i\=15,joint=2,robotNum=1 radian=0.58,Quality="OK (0x0)" -6795364578871345152
joints,host=Jays-MBP,id=ns\=2;i\=18,joint=2,robotNum=1 servo_voltage=7.1,Quality="OK (0x0)" -6795364578871345152
joints,host=Jays-MBP,id=ns\=2;i\=21,joint=3,robotNum=1 angle=-6.41,Quality="OK (0x0)" -6795364578871345152
joints,host=Jays-MBP,id=ns\=2;i\=22,joint=3,robotNum=1 coord=106.8,Quality="OK (0x0)" -6795364578871345152
joints,host=Jays-MBP,id=ns\=2;i\=23,joint=3,robotNum=1 radian=-0.112,Quality="OK (0x0)" -6795364578871345152
joints,host=Jays-MBP,id=ns\=2;i\=25,joint=3,robotNum=1 servo_temp=0i,Quality="OK (0x0)" -6795364578871345152
joints,host=Jays-MBP,id=ns\=2;i\=29,joint=4,robotNum=1 angle=-0.26,Quality="OK (0x0)" -6795364578871345152
joints,host=Jays-MBP,id=ns\=2;i\=30,joint=4,robotNum=1 Quality="OK (0x0)",coord=-177.97 -6795364578871345152
joints,host=Jays-MBP,id=ns\=2;i\=31,joint=4,robotNum=1 radian=-0.005,Quality="OK (0x0)" -6795364578871345152
joints,host=Jays-MBP,id=ns\=2;i\=37,joint=5,robotNum=1 angle=60.9,Quality="OK (0x0)" -6795364578871345152
joints,host=Jays-MBP,id=ns\=2;i\=38,joint=5,robotNum=1 coord=1.07,Quality="OK (0x0)" -6795364578871345152
joints,host=Jays-MBP,id=ns\=2;i\=39,joint=5,robotNum=1 radian=1.063,Quality="OK (0x0)" -6795364578871345152
joints,host=Jays-MBP,id=ns\=2;i\=41,joint=5,robotNum=1 servo_speed=0i,Quality="OK (0x0)" -6795364578871345152
joints,host=Jays-MBP,id=ns\=2;i\=42,joint=5,robotNum=1 servo_voltage=7.2,Quality="OK (0x0)" -6795364578871345152
joints,host=Jays-MBP,id=ns\=2;i\=45,joint=6,robotNum=1 angle=-56.16,Quality="OK (0x0)" -6795364578871345152
joints,host=Jays-MBP,id=ns\=2;i\=46,joint=6,robotNum=1 coord=-125.45,Quality="OK (0x0)" -6795364578871345152
joints,host=Jays-MBP,id=ns\=2;i\=47,joint=6,robotNum=1 radian=-0.98,Quality="OK (0x0)" -6795364578871345152
joints,host=Jays-MBP,id=ns\=2;i\=50,joint=6,robotNum=1 servo_voltage=7,Quality="OK (0x0)" -6795364578871345152
joints,host=Jays-MBP,id=ns\=2;i\=6,joint=1,robotNum=1 coord=147.3,Quality="OK (0x0)" -6795364578871345152
joints,host=Jays-MBP,id=ns\=2;i\=10,joint=1,robotNum=1 servo_voltage=7,Quality="OK (0x0)" -6795364578871345152
joints,host=Jays-MBP,id=ns\=2;i\=11,joint=1,robotNum=1 servo_temp=41i,Quality="OK (0x0)" -6795364578871345152
joints,host=Jays-MBP,id=ns\=2;i\=13,joint=2,robotNum=1 angle=33.31,Quality="OK (0x0)" -6795364578871345152
joints,host=Jays-MBP,id=ns\=2;i\=15,joint=2,robotNum=1 radian=0.581,Quality="OK (0x0)" -6795364578871345152
joints,host=Jays-MBP,id=ns\=2;i\=18,joint=2,robotNum=1 servo_voltage=6.9,Quality="OK (0x0)" -6795364578871345152
joints,host=Jays-MBP,id=ns\=2;i\=21,joint=3,robotNum=1 angle=-6.15,Quality="OK (0x0)" -6795364578871345152
joints,host=Jays-MBP,id=ns\=2;i\=22,joint=3,robotNum=1 Quality="OK (0x0)",coord=106.2 -6795364578871345152
joints,host=Jays-MBP,id=ns\=2;i\=23,joint=3,robotNum=1 radian=-0.107,Quality="OK (0x0)" -6795364578871345152
joints,host=Jays-MBP,id=ns\=2;i\=26,joint=3,robotNum=1 servo_voltage=7,Quality="OK (0x0)" -6795364578871345152
joints,host=Jays-MBP,id=ns\=2;i\=30,joint=4,robotNum=1 coord=-177.75,Quality="OK (0x0)" -6795364578871345152
joints,host=Jays-MBP,id=ns\=2;i\=34,joint=4,robotNum=1 servo_voltage=7.3,Quality="OK (0x0)" -6795364578871345152
joints,host=Jays-MBP,id=ns\=2;i\=37,joint=5,robotNum=1 angle=60.29,Quality="OK (0x0)" -6795364578871345152
joints,host=Jays-MBP,id=ns\=2;i\=38,joint=5,robotNum=1 coord=1.22,Quality="OK (0x0)" -6795364578871345152
joints,host=Jays-MBP,id=ns\=2;i\=39,joint=5,robotNum=1 radian=1.052,Quality="OK (0x0)" -6795364578871345152
joints,host=Jays-MBP,id=ns\=2;i\=42,joint=5,robotNum=1 servo_voltage=7,Quality="OK (0x0)" -6795364578871345152
joints,host=Jays-MBP,id=ns\=2;i\=46,joint=6,robotNum=1 coord=-125.44,Quality="OK (0x0)" -6795364578871345152
joints,host=Jays-MBP,id=ns\=2;i\=50,joint=6,robotNum=1 servo_voltage=6.8,Quality="OK (0x0)" -6795364578871345152
joints,host=Jays-MBP,id=ns\=2;i\=51,joint=6,robotNum=1 servo_temp=56i,Quality="OK (0x0)" -6795364578871345152
joints,host=Jays-MBP,id=ns\=2;i\=6,joint=1,robotNum=1 coord=130.8,Quality="OK (0x0)" -6795364578871345152
joints,host=Jays-MBP,id=ns\=2;i\=13,joint=2,robotNum=1 angle=18.36,Quality="OK (0x0)" -6795364578871345152
joints,host=Jays-MBP,id=ns\=2;i\=14,joint=2,robotNum=1 coord=-4.4,Quality="OK (0x0)" -6795364578871345152
joints,host=Jays-MBP,id=ns\=2;i\=15,joint=2,robotNum=1 radian=0.32,Quality="OK (0x0)" -6795364578871345152
joints,host=Jays-MBP,id=ns\=2;i\=21,joint=3,robotNum=1 angle=-31.46,Quality="OK (0x0)" -6795364578871345152
joints,host=Jays-MBP,id=ns\=2;i\=22,joint=3,robotNum=1 coord=184.4,Quality="OK (0x0)" -6795364578871345152
joints,host=Jays-MBP,id=ns\=2;i\=23,joint=3,robotNum=1 radian=-0.549,Quality="OK (0x0)" -6795364578871345152
joints,host=Jays-MBP,id=ns\=2;i\=26,joint=3,robotNum=1 servo_voltage=6.9,Quality="OK (0x0)" -6795364578871345152
joints,host=Jays-MBP,id=ns\=2;i\=29,joint=4,robotNum=1 angle=-0.43,Quality="OK (0x0)" -6795364578871345152
joints,host=Jays-MBP,id=ns\=2;i\=30,joint=4,robotNum=1 coord=-172.81,Quality="OK (0x0)" -6795364578871345152
joints,host=Jays-MBP,id=ns\=2;i\=31,joint=4,robotNum=1 radian=-0.008,Quality="OK (0x0)" -6795364578871345152
joints,host=Jays-MBP,id=ns\=2;i\=34,joint=4,robotNum=1 servo_voltage=7.2,Quality="OK (0x0)" -6795364578871345152
joints,host=Jays-MBP,id=ns\=2;i\=37,joint=5,robotNum=1 Quality="OK (0x0)",angle=94.74 -6795364578871345152
joints,host=Jays-MBP,id=ns\=2;i\=38,joint=5,robotNum=1 coord=4.28,Quality="OK (0x0)" -6795364578871345152
joints,host=Jays-MBP,id=ns\=2;i\=39,joint=5,robotNum=1 Quality="OK (0x0)",radian=1.654 -6795364578871345152
joints,host=Jays-MBP,id=ns\=2;i\=42,joint=5,robotNum=1 Quality="OK (0x0)",servo_voltage=6.9 -6795364578871345152
joints,host=Jays-MBP,id=ns\=2;i\=46,joint=6,robotNum=1 coord=-125.39,Quality="OK (0x0)" -6795364578871345152
joints,host=Jays-MBP,id=ns\=2;i\=5,joint=1,robotNum=1 angle=-29,Quality="OK (0x0)" -6795364578871345152
joints,host=Jays-MBP,id=ns\=2;i\=5,joint=1,robotNum=1 angle=-28.47,Quality="OK (0x0)" -6795364578871345152
joints,host=Jays-MBP,id=ns\=2;i\=6,joint=1,robotNum=1 coord=181.5,Quality="OK (0x0)" -6795364578871345152
joints,host=Jays-MBP,id=ns\=2;i\=7,joint=1,robotNum=1 radian=-0.497,Quality="OK (0x0)" -6795364578871345152
joints,host=Jays-MBP,id=ns\=2;i\=10,joint=1,robotNum=1 servo_voltage=7.1,Quality="OK (0x0)" -6795364578871345152
joints,host=Jays-MBP,id=ns\=2;i\=13,joint=2,robotNum=1 angle=39.63,Quality="OK (0x0)" -6795364578871345152
joints,host=Jays-MBP,id=ns\=2;i\=14,joint=2,robotNum=1 coord=-98.2,Quality="OK (0x0)" -6795364578871345152
joints,host=Jays-MBP,id=ns\=2;i\=15,joint=2,robotNum=1 radian=0.692,Quality="OK (0x0)" -6795364578871345152
joints,host=Jays-MBP,id=ns\=2;i\=18,joint=2,robotNum=1 servo_voltage=7,Quality="OK (0x0)" -6795364578871345152
joints,host=Jays-MBP,id=ns\=2;i\=21,joint=3,robotNum=1 angle=-43.15,Quality="OK (0x0)" -6795364578871345152
joints,host=Jays-MBP,id=ns\=2;i\=22,joint=3,robotNum=1 coord=176.2,Quality="OK (0x0)" -6795364578871345152
joints,host=Jays-MBP,id=ns\=2;i\=23,joint=3,robotNum=1 radian=-0.753,Quality="OK (0x0)" -6795364578871345152
joints,host=Jays-MBP,id=ns\=2;i\=26,joint=3,robotNum=1 servo_voltage=7.1,Quality="OK (0x0)" -6795364578871345152
joints,host=Jays-MBP,id=ns\=2;i\=29,joint=4,robotNum=1 angle=0.43,Quality="OK (0x0)" -6795364578871345152
joints,host=Jays-MBP,id=ns\=2;i\=30,joint=4,robotNum=1 coord=128.69,Quality="OK (0x0)" -6795364578871345152
joints,host=Jays-MBP,id=ns\=2;i\=31,joint=4,robotNum=1 radian=0.008,Quality="OK (0x0)" -6795364578871345152
joints,host=Jays-MBP,id=ns\=2;i\=34,joint=4,robotNum=1 Quality="OK (0x0)",servo_voltage=7.3 -6795364578871345152
joints,host=Jays-MBP,id=ns\=2;i\=37,joint=5,robotNum=1 angle=36.47,Quality="OK (0x0)" -6795364578871345152
joints,host=Jays-MBP,id=ns\=2;i\=38,joint=5,robotNum=1 coord=29.75,Quality="OK (0x0)" -6795364578871345152
joints,host=Jays-MBP,id=ns\=2;i\=39,joint=5,robotNum=1 radian=0.635,Quality="OK (0x0)" -6795364578871345152
joints,host=Jays-MBP,id=ns\=2;i\=45,joint=6,robotNum=1 angle=53.26,Quality="OK (0x0)" -6795364578871345152
joints,host=Jays-MBP,id=ns\=2;i\=46,joint=6,robotNum=1 coord=83.5,Quality="OK (0x0)" -6795364578871345152
joints,host=Jays-MBP,id=ns\=2;i\=47,joint=6,robotNum=1 radian=0.93,Quality="OK (0x0)" -6795364578871345152
joints,host=Jays-MBP,id=ns\=2;i\=50,joint=6,robotNum=1 servo_voltage=6.9,Quality="OK (0x0)" -6795364578871345152
status,host=Jays-MBP,id=ns\=2;i\=2,robotNum=1 speed=75i,Quality="OK (0x0)" -6795364578871345152
joints,host=Jays-MBP,id=ns\=2;i\=5,joint=1,robotNum=1 angle=-32.95,Quality="OK (0x0)" -6795364578871345152
joints,host=Jays-MBP,id=ns\=2;i\=6,joint=1,robotNum=1 coord=86.9,Quality="OK (0x0)" -6795364578871345152
joints,host=Jays-MBP,id=ns\=2;i\=7,joint=1,robotNum=1 radian=-0.575,Quality="OK (0x0)" -6795364578871345152
joints,host=Jays-MBP,id=ns\=2;i\=10,joint=1,robotNum=1 servo_voltage=7,Quality="OK (0x0)" -6795364578871345152
joints,host=Jays-MBP,id=ns\=2;i\=13,joint=2,robotNum=1 angle=2.9,Quality="OK (0x0)" -6795364578871345152
joints,host=Jays-MBP,id=ns\=2;i\=14,joint=2,robotNum=1 Quality="OK (0x0)",coord=-56.8 -6795364578871345152
joints,host=Jays-MBP,id=ns\=2;i\=15,joint=2,robotNum=1 radian=0.051,Quality="OK (0x0)" -6795364578871345152
joints,host=Jays-MBP,id=ns\=2;i\=21,joint=3,robotNum=1 angle=-10.37,Quality="OK (0x0)" -6795364578871345152
joints,host=Jays-MBP,id=ns\=2;i\=22,joint=3,robotNum=1 coord=179.9,Quality="OK (0x0)" -6795364578871345152
joints,host=Jays-MBP,id=ns\=2;i\=23,joint=3,robotNum=1 radian=-0.181,Quality="OK (0x0)" -6795364578871345152
joints,host=Jays-MBP,id=ns\=2;i\=29,joint=4,robotNum=1 angle=-0.35,Quality="OK (0x0)" -6795364578871345152
joints,host=Jays-MBP,id=ns\=2;i\=30,joint=4,robotNum=1 coord=-175.74,Quality="OK (0x0)" -6795364578871345152
joints,host=Jays-MBP,id=ns\=2;i\=31,joint=4,robotNum=1 radian=-0.006,Quality="OK (0x0)" -6795364578871345152
joints,host=Jays-MBP,id=ns\=2;i\=34,joint=4,robotNum=1 servo_voltage=7.2,Quality="OK (0x0)" -6795364578871345152
joints,host=Jays-MBP,id=ns\=2;i\=37,joint=5,robotNum=1 angle=92.46,Quality="OK (0x0)" -6795364578871345152
joints,host=Jays-MBP,id=ns\=2;i\=38,joint=5,robotNum=1 coord=2.66,Quality="OK (0x0)" -6795364578871345152
joints,host=Jays-MBP,id=ns\=2;i\=39,joint=5,robotNum=1 radian=1.614,Quality="OK (0x0)" -6795364578871345152
joints,host=Jays-MBP,id=ns\=2;i\=43,joint=5,robotNum=1 servo_temp=65i,Quality="OK (0x0)" -6795364578871345152
joints,host=Jays-MBP,id=ns\=2;i\=45,joint=6,robotNum=1 Quality="OK (0x0)",angle=-53.87 -6795364578871345152
joints,host=Jays-MBP,id=ns\=2;i\=46,joint=6,robotNum=1 Quality="OK (0x0)",coord=-159.01 -6795364578871345152
joints,host=Jays-MBP,id=ns\=2;i\=47,joint=6,robotNum=1 radian=-0.94,Quality="OK (0x0)" -6795364578871345152
joints,host=Jays-MBP,id=ns\=2;i\=50,joint=6,robotNum=1 servo_voltage=6.6,Quality="OK (0x0)" -6795364578871345152
joints,host=Jays-MBP,id=ns\=2;i\=6,joint=1,robotNum=1 Quality="OK (0x0)",coord=86.1 -6795364578871345152
joints,host=Jays-MBP,id=ns\=2;i\=14,joint=2,robotNum=1 coord=-56.2,Quality="OK (0x0)" -6795364578871345152
joints,host=Jays-MBP,id=ns\=2;i\=18,joint=2,robotNum=1 servo_voltage=6.9,Quality="OK (0x0)" -6795364578871345152
joints,host=Jays-MBP,id=ns\=2;i\=26,joint=3,robotNum=1 servo_voltage=7,Quality="OK (0x0)" -6795364578871345152
joints,host=Jays-MBP,id=ns\=2;i\=30,joint=4,robotNum=1 coord=-176.51,Quality="OK (0x0)" -6795364578871345152
joints,host=Jays-MBP,id=ns\=2;i\=34,joint=4,robotNum=1 Quality="OK (0x0)",servo_voltage=7.3 -6795364578871345152
joints,host=Jays-MBP,id=ns\=2;i\=37,joint=5,robotNum=1 angle=93.42,Quality="OK (0x0)" -6795364578871345152
joints,host=Jays-MBP,id=ns\=2;i\=38,joint=5,robotNum=1 coord=2.08,Quality="OK (0x0)" -6795364578871345152
joints,host=Jays-MBP,id=ns\=2;i\=39,joint=5,robotNum=1 radian=1.63,Quality="OK (0x0)" -6795364578871345152
joints,host=Jays-MBP,id=ns\=2;i\=42,joint=5,robotNum=1 servo_voltage=6.8,Quality="OK (0x0)" -6795364578871345152
joints,host=Jays-MBP,id=ns\=2;i\=45,joint=6,robotNum=1 angle=-54.14,Quality="OK (0x0)" -6795364578871345152
joints,host=Jays-MBP,id=ns\=2;i\=46,joint=6,robotNum=1 coord=-158.78,Quality="OK (0x0)" -6795364578871345152
joints,host=Jays-MBP,id=ns\=2;i\=47,joint=6,robotNum=1 radian=-0.945,Quality="OK (0x0)" -6795364578871345152
joints,host=Jays-MBP,id=ns\=2;i\=50,joint=6,robotNum=1 servo_voltage=7,Quality="OK (0x0)" -6795364578871345152
joints,host=Jays-MBP,id=ns\=2;i\=6,joint=1,robotNum=1 coord=85.5,Quality="OK (0x0)" -6795364578871345152
joints,host=Jays-MBP,id=ns\=2;i\=10,joint=1,robotNum=1 servo_voltage=7.1,Quality="OK (0x0)" -6795364578871345152
joints,host=Jays-MBP,id=ns\=2;i\=14,joint=2,robotNum=1 coord=-55.9,Quality="OK (0x0)" -6795364578871345152
joints,host=Jays-MBP,id=ns\=2;i\=18,joint=2,robotNum=1 servo_voltage=7,Quality="OK (0x0)" -6795364578871345152
joints,host=Jays-MBP,id=ns\=2;i\=22,joint=3,robotNum=1 coord=179.8,Quality="OK (0x0)" -6795364578871345152
joints,host=Jays-MBP,id=ns\=2;i\=30,joint=4,robotNum=1 coord=-177.08,Quality="OK (0x0)" -6795364578871345152
joints,host=Jays-MBP,id=ns\=2;i\=37,joint=5,robotNum=1 angle=94.04,Quality="OK (0x0)" -6795364578871345152
joints,host=Jays-MBP,id=ns\=2;i\=38,joint=5,robotNum=1 coord=1.66,Quality="OK (0x0)" -6795364578871345152
joints,host=Jays-MBP,id=ns\=2;i\=39,joint=5,robotNum=1 radian=1.643,Quality="OK (0x0)" -6795364578871345152
joints,host=Jays-MBP,id=ns\=2;i\=45,joint=6,robotNum=1 angle=-54.22,Quality="OK (0x0)" -6795364578871345152
joints,host=Jays-MBP,id=ns\=2;i\=46,joint=6,robotNum=1 coord=-158.72,Quality="OK (0x0)" -6795364578871345152
joints,host=Jays-MBP,id=ns\=2;i\=47,joint=6,robotNum=1 radian=-0.946,Quality="OK (0x0)" -6795364578871345152
joints,host=Jays-MBP,id=ns\=2;i\=50,joint=6,robotNum=1 servo_voltage=7.1,Quality="OK (0x0)" -6795364578871345152
joints,host=Jays-MBP,id=ns\=2;i\=6,joint=1,robotNum=1 coord=85.3,Quality="OK (0x0)" -6795364578871345152
joints,host=Jays-MBP,id=ns\=2;i\=10,joint=1,robotNum=1 servo_voltage=7,Quality="OK (0x0)" -6795364578871345152
joints,host=Jays-MBP,id=ns\=2;i\=11,joint=1,robotNum=1 servo_temp=42i,Quality="OK (0x0)" -6795364578871345152
joints,host=Jays-MBP,id=ns\=2;i\=14,joint=2,robotNum=1 coord=-55.7,Quality="OK (0x0)" -6795364578871345152
joints,host=Jays-MBP,id=ns\=2;i\=18,joint=2,robotNum=1 servo_voltage=6.9,Quality="OK (0x0)" -6795364578871345152
joints,host=Jays-MBP,id=ns\=2;i\=26,joint=3,robotNum=1 servo_voltage=6.9,Quality="OK (0x0)" -6795364578871345152
joints,host=Jays-MBP,id=ns\=2;i\=30,joint=4,robotNum=1 Quality="OK (0x0)",coord=-177.29 -6795364578871345152
joints,host=Jays-MBP,id=ns\=2;i\=34,joint=4,robotNum=1 servo_voltage=7.2,Quality="OK (0x0)" -6795364578871345152
joints,host=Jays-MBP,id=ns\=2;i\=37,joint=5,robotNum=1 angle=94.3,Quality="OK (0x0)" -6795364578871345152
joints,host=Jays-MBP,id=ns\=2;i\=38,joint=5,robotNum=1 coord=1.51,Quality="OK (0x0)" -6795364578871345152
joints,host=Jays-MBP,id=ns\=2;i\=39,joint=5,robotNum=1 radian=1.647,Quality="OK (0x0)" -6795364578871345152
joints,host=Jays-MBP,id=ns\=2;i\=42,joint=5,robotNum=1 servo_voltage=6.7,Quality="OK (0x0)" -6795364578871345152
joints,host=Jays-MBP,id=ns\=2;i\=45,joint=6,robotNum=1 angle=-54.31,Quality="OK (0x0)" -6795364578871345152
joints,host=Jays-MBP,id=ns\=2;i\=46,joint=6,robotNum=1 coord=-158.64,Quality="OK (0x0)" -6795364578871345152
joints,host=Jays-MBP,id=ns\=2;i\=47,joint=6,robotNum=1 radian=-0.948,Quality="OK (0x0)" -6795364578871345152
joints,host=Jays-MBP,id=ns\=2;i\=50,joint=6,robotNum=1 servo_voltage=6.9,Quality="OK (0x0)" -6795364578871345152
joints,host=Jays-MBP,id=ns\=2;i\=6,joint=1,robotNum=1 coord=85.4,Quality="OK (0x0)" -6795364578871345152
joints,host=Jays-MBP,id=ns\=2;i\=10,joint=1,robotNum=1 Quality="OK (0x0)",servo_voltage=7.1 -6795364578871345152
joints,host=Jays-MBP,id=ns\=2;i\=11,joint=1,robotNum=1 servo_temp=41i,Quality="OK (0x0)" -6795364578871345152
joints,host=Jays-MBP,id=ns\=2;i\=14,joint=2,robotNum=1 coord=-55.6,Quality="OK (0x0)" -6795364578871345152
joints,host=Jays-MBP,id=ns\=2;i\=26,joint=3,robotNum=1 Quality="OK (0x0)",servo_voltage=7 -6795364578871345152
joints,host=Jays-MBP,id=ns\=2;i\=29,joint=4,robotNum=1 angle=-0.26,Quality="OK (0x0)" -6795364578871345152
joints,host=Jays-MBP,id=ns\=2;i\=30,joint=4,robotNum=1 coord=-177.34,Quality="OK (0x0)" -6795364578871345152
joints,host=Jays-MBP,id=ns\=2;i\=31,joint=4,robotNum=1 radian=-0.005,Quality="OK (0x0)" -6795364578871345152
joints,host=Jays-MBP,id=ns\=2;i\=34,joint=4,robotNum=1 Quality="OK (0x0)",servo_voltage=7.3 -6795364578871345152
joints,host=Jays-MBP,id=ns\=2;i\=37,joint=5,robotNum=1 angle=94.39,Quality="OK (0x0)" -6795364578871345152
joints,host=Jays-MBP,id=ns\=2;i\=38,joint=5,robotNum=1 coord=1.57,Quality="OK (0x0)" -6795364578871345152
joints,host=Jays-MBP,id=ns\=2;i\=42,joint=5,robotNum=1 servo_voltage=6.9,Quality="OK (0x0)" -6795364578871345152
joints,host=Jays-MBP,id=ns\=2;i\=45,joint=6,robotNum=1 Quality="OK (0x0)",angle=-54.4 -6795364578871345152
joints,host=Jays-MBP,id=ns\=2;i\=46,joint=6,robotNum=1 coord=-158.54,Quality="OK (0x0)" -6795364578871345152
joints,host=Jays-MBP,id=ns\=2;i\=47,joint=6,robotNum=1 radian=-0.949,Quality="OK (0x0)" -6795364578871345152
joints,host=Jays-MBP,id=ns\=2;i\=50,joint=6,robotNum=1 servo_voltage=6.3,Quality="OK (0x0)" -6795364578871345152
joints,host=Jays-MBP,id=ns\=2;i\=10,joint=1,robotNum=1 servo_voltage=7,Quality="OK (0x0)" -6795364578871345152
joints,host=Jays-MBP,id=ns\=2;i\=11,joint=1,robotNum=1 Quality="OK (0x0)",servo_temp=42i -6795364578871345152
joints,host=Jays-MBP,id=ns\=2;i\=34,joint=4,robotNum=1 servo_voltage=7.1,Quality="OK (0x0)" -6795364578871345152
joints,host=Jays-MBP,id=ns\=2;i\=42,joint=5,robotNum=1 servo_voltage=6.8,Quality="OK (0x0)" -6795364578871345152
joints,host=Jays-MBP,id=ns\=2;i\=50,joint=6,robotNum=1 servo_voltage=6.9,Quality="OK (0x0)" -6795364578871345152
joints,host=Jays-MBP,id=ns\=2;i\=6,joint=1,robotNum=1 coord=85.1,Quality="OK (0x0)" -6795364578871345152
joints,host=Jays-MBP,id=ns\=2;i\=11,joint=1,robotNum=1 servo_temp=41i,Quality="OK (0x0)" -6795364578871345152
joints,host=Jays-MBP,id=ns\=2;i\=14,joint=2,robotNum=1 coord=-55.5,Quality="OK (0x0)" -6795364578871345152
joints,host=Jays-MBP,id=ns\=2;i\=30,joint=4,robotNum=1 coord=-177.62,Quality="OK (0x0)" -6795364578871345152
joints,host=Jays-MBP,id=ns\=2;i\=34,joint=4,robotNum=1 servo_voltage=7.2,Quality="OK (0x0)" -6795364578871345152
joints,host=Jays-MBP,id=ns\=2;i\=37,joint=5,robotNum=1 Quality="OK (0x0)",angle=94.74 -6795364578871345152
joints,host=Jays-MBP,id=ns\=2;i\=38,joint=5,robotNum=1 coord=1.36,Quality="OK (0x0)" -6795364578871345152
joints,host=Jays-MBP,id=ns\=2;i\=39,joint=5,robotNum=1 radian=1.654,Quality="OK (0x0)" -6795364578871345152
joints,host=Jays-MBP,id=ns\=2;i\=45,joint=6,robotNum=1 angle=-54.49,Quality="OK (0x0)" -6795364578871345152
joints,host=Jays-MBP,id=ns\=2;i\=46,joint=6,robotNum=1 Quality="OK (0x0)",coord=-158.46 -6795364578871345152
joints,host=Jays-MBP,id=ns\=2;i\=47,joint=6,robotNum=1 radian=-0.951,Quality="OK (0x0)" -6795364578871345152
joints,host=Jays-MBP,id=ns\=2;i\=50,joint=6,robotNum=1 servo_voltage=6.7,Quality="OK (0x0)" -6795364578871345152
joints,host=Jays-MBP,id=ns\=2;i\=10,joint=1,robotNum=1 servo_voltage=7.1,Quality="OK (0x0)" -6795364578871345152
joints,host=Jays-MBP,id=ns\=2;i\=18,joint=2,robotNum=1 servo_voltage=7,Quality="OK (0x0)" -6795364578871345152
joints,host=Jays-MBP,id=ns\=2;i\=50,joint=6,robotNum=1 servo_voltage=6.3,Quality="OK (0x0)" -6795364578871345152
joints,host=Jays-MBP,id=ns\=2;i\=10,joint=1,robotNum=1 servo_voltage=7,Quality="OK (0x0)" -6795364578871345152
joints,host=Jays-MBP,id=ns\=2;i\=18,joint=2,robotNum=1 servo_voltage=6.9,Quality="OK (0x0)" -6795364578871345152
joints,host=Jays-MBP,id=ns\=2;i\=50,joint=6,robotNum=1 servo_voltage=6.4,Quality="OK (0x0)" -6795364578871345152
joints,host=Jays-MBP,id=ns\=2;i\=26,joint=3,robotNum=1 servo_voltage=6.9,Quality="OK (0x0)" -6795364578871345152
joints,host=Jays-MBP,id=ns\=2;i\=34,joint=4,robotNum=1 servo_voltage=7.3,Quality="OK (0x0)" -6795364578871345152
